# JRE version: Java(TM) SE Runtime Environment (8.0_144-b01) (build 1.8.0_144-b01)
# Java VM: Java HotSpot(TM) 64-Bit Server VM (25.144-b01 mixed mode windows-amd64 compressed oops)
Heap:
 PSYoungGen      total 71680K, used 13435K [0x00000000d5900000, 0x00000000de500000, 0x0000000100000000)
  eden space 66560K, 20% used [0x00000000d5900000,0x00000000d661eff8,0x00000000d9a00000)
  from space 5120K, 0% used [0x00000000d9a00000,0x00000000d9a00000,0x00000000d9f00000)
  to   space 5120K, 0% used [0x00000000de000000,0x00000000de000000,0x00000000de500000)
 ParOldGen       total 101888K, used 32363K [0x0000000080a00000, 0x0000000086d80000, 0x00000000d5900000)
  object space 101888K, 31% used [0x0000000080a00000,0x000000008299ac48,0x0000000086d80000)
 Metaspace       used 10166K, capacity 10320K, committed 10624K, reserved 1058816K
  class space    used 1216K, capacity 1291K, committed 1408K, reserved 1048576K
GC Heap History (8 events):
Event: 0.358 GC heap before
{Heap before GC invocations=1 (full 0):
 PSYoungGen      total 38400K, used 33280K [0x00000000d5900000, 0x00000000d8380000, 0x0000000100000000)
  eden space 33280K, 100% used [0x00000000d5900000,0x00000000d7980000,0x00000000d7980000)
  from space 5120K, 0% used [0x00000000d7e80000,0x00000000d7e80000,0x00000000d8380000)
  to   space 5120K, 0% used [0x00000000d7980000,0x00000000d7980000,0x00000000d7e80000)
 ParOldGen       total 87552K, used 0K [0x0000000080a00000, 0x0000000085f80000, 0x00000000d5900000)
  object space 87552K, 0% used [0x0000000080a00000,0x0000000080a00000,0x0000000085f80000)
 Metaspace       used 6801K, capacity 6950K, committed 7040K, reserved 1056768K
  class space    used 772K, capacity 831K, committed 896K, reserved 1048576K
Event: 0.364 GC heap after
Heap after GC invocations=1 (full 0):
 PSYoungGen      total 38400K, used 5106K [0x00000000d5900000, 0x00000000da400000, 0x0000000100000000)
  eden space 33280K, 0% used [0x00000000d5900000,0x00000000d5900000,0x00000000d7980000)
  from space 5120K, 99% used [0x00000000d7980000,0x00000000d7e7caa8,0x00000000d7e80000)
  to   space 5120K, 0% used [0x00000000d9f00000,0x00000000d9f00000,0x00000000da400000)
 ParOldGen       total 87552K, used 16498K [0x0000000080a00000, 0x0000000085f80000, 0x00000000d5900000)
  object space 87552K, 18% used [0x0000000080a00000,0x0000000081a1c9d8,0x0000000085f80000)
 Metaspace       used 6801K, capacity 6950K, committed 7040K, reserved 1056768K
  class space    used 772K, capacity 831K, committed 896K, reserved 1048576K
}
Event: 0.394 GC heap before
{Heap before GC invocations=2 (full 0):
 PSYoungGen      total 38400K, used 38386K [0x00000000d5900000, 0x00000000da400000, 0x0000000100000000)
  eden space 33280K, 100% used [0x00000000d5900000,0x00000000d7980000,0x00000000d7980000)
  from space 5120K, 99% used [0x00000000d7980000,0x00000000d7e7caa8,0x00000000d7e80000)
  to   space 5120K, 0% used [0x00000000d9f00000,0x00000000d9f00000,0x00000000da400000)
 ParOldGen       total 87552K, used 16498K [0x0000000080a00000, 0x0000000085f80000, 0x00000000d5900000)
  object space 87552K, 18% used [0x0000000080a00000,0x0000000081a1c9d8,0x0000000085f80000)
 Metaspace       used 6890K, capacity 7078K, committed 7296K, reserved 1056768K
  class space    used 778K, capacity 831K, committed 896K, reserved 1048576K
Event: 0.402 GC heap after
Heap after GC invocations=2 (full 0):
 PSYoungGen      total 71680K, used 4265K [0x00000000d5900000, 0x00000000da400000, 0x0000000100000000)
  eden space 66560K, 0% used [0x00000000d5900000,0x00000000d5900000,0x00000000d9a00000)
  from space 5120K, 83% used [0x00000000d9f00000,0x00000000da32a4e8,0x00000000da400000)
  to   space 5120K, 0% used [0x00000000d9a00000,0x00000000d9a00000,0x00000000d9f00000)
 ParOldGen       total 87552K, used 42591K [0x0000000080a00000, 0x0000000085f80000, 0x00000000d5900000)
  object space 87552K, 48% used [0x0000000080a00000,0x0000000083397ec8,0x0000000085f80000)
 Metaspace       used 6890K, capacity 7078K, committed 7296K, reserved 1056768K
  class space    used 778K, capacity 831K, committed 896K, reserved 1048576K
}
Event: 0.500 GC heap before
{Heap before GC invocations=3 (full 0):
 PSYoungGen      total 71680K, used 70825K [0x00000000d5900000, 0x00000000da400000, 0x0000000100000000)
  eden space 66560K, 100% used [0x00000000d5900000,0x00000000d9a00000,0x00000000d9a00000)
  from space 5120K, 83% used [0x00000000d9f00000,0x00000000da32a4e8,0x00000000da400000)
  to   space 5120K, 0% used [0x00000000d9a00000,0x00000000d9a00000,0x00000000d9f00000)
 ParOldGen       total 87552K, used 42591K [0x0000000080a00000, 0x0000000085f80000, 0x00000000d5900000)
  object space 87552K, 48% used [0x0000000080a00000,0x0000000083397ec8,0x0000000085f80000)
 Metaspace       used 6903K, capacity 7078K, committed 7296K, reserved 1056768K
  class space    used 778K, capacity 831K, committed 896K, reserved 1048576K
Event: 0.508 GC heap after
Heap after GC invocations=3 (full 0):
 PSYoungGen      total 71680K, used 5110K [0x00000000d5900000, 0x00000000de500000, 0x0000000100000000)
  eden space 66560K, 0% used [0x00000000d5900000,0x00000000d5900000,0x00000000d9a00000)
  from space 5120K, 99% used [0x00000000d9a00000,0x00000000d9efd9c0,0x00000000d9f00000)
  to   space 5120K, 0% used [0x00000000de000000,0x00000000de000000,0x00000000de500000)
 ParOldGen       total 87552K, used 66411K [0x0000000080a00000, 0x0000000085f80000, 0x00000000d5900000)
  object space 87552K, 75% used [0x0000000080a00000,0x0000000084adad08,0x0000000085f80000)
 Metaspace       used 6903K, capacity 7078K, committed 7296K, reserved 1056768K
  class space    used 778K, capacity 831K, committed 896K, reserved 1048576K
}
Event: 0.508 GC heap before
{Heap before GC invocations=4 (full 1):
 PSYoungGen      total 71680K, used 5110K [0x00000000d5900000, 0x00000000de500000, 0x0000000100000000)
  eden space 66560K, 0% used [0x00000000d5900000,0x00000000d5900000,0x00000000d9a00000)
  from space 5120K, 99% used [0x00000000d9a00000,0x00000000d9efd9c0,0x00000000d9f00000)
  to   space 5120K, 0% used [0x00000000de000000,0x00000000de000000,0x00000000de500000)
 ParOldGen       total 87552K, used 66411K [0x0000000080a00000, 0x0000000085f80000, 0x00000000d5900000)
  object space 87552K, 75% used [0x0000000080a00000,0x0000000084adad08,0x0000000085f80000)
 Metaspace       used 6903K, capacity 7078K, committed 7296K, reserved 1056768K
  class space    used 778K, capacity 831K, committed 896K, reserved 1048576K
Event: 0.522 GC heap after
Heap after GC invocations=4 (full 1):
 PSYoungGen      total 71680K, used 0K [0x00000000d5900000, 0x00000000de500000, 0x0000000100000000)
  eden space 66560K, 0% used [0x00000000d5900000,0x00000000d5900000,0x00000000d9a00000)
  from space 5120K, 0% used [0x00000000d9a00000,0x00000000d9a00000,0x00000000d9f00000)
  to   space 5120K, 0% used [0x00000000de000000,0x00000000de000000,0x00000000de500000)
 ParOldGen       total 101888K, used 32363K [0x0000000080a00000, 0x0000000086d80000, 0x00000000d5900000)
  object space 101888K, 31% used [0x0000000080a00000,0x000000008299ac48,0x0000000086d80000)
 Metaspace       used 6903K, capacity 7078K, committed 7296K, reserved 1056768K
  class space    used 778K, capacity 831K, committed 896K, reserved 1048576K
}

